{
  "uid" : "fbb0c646113c3809",
  "name" : "test_5",
  "fullName" : "TestCases.test_demo#test_5",
  "historyId" : "d4fb44c478916a2b66b13777c6878054",
  "time" : {
    "start" : 1635400978840,
    "stop" : 1635401006377,
    "duration" : 27537
  },
  "status" : "broken",
  "statusMessage" : "selenium.common.exceptions.TimeoutException: Message: element:(xpath,//android.widget.TextView[@text='打开相册']) not found in 10 seconds",
  "statusTrace" : "def test_5():\n        w=WelcomePage()\n        w.click_skip_button()\n        m=MainPage()\n        m.click_bussiness()\n        b=BusinessPage()\n        b.click_first_order()\n        b.click_custom_info_tab()\n        b.click_custom_info()\n        b.sfz_front_upload()\n>       b.sfz_back_upload()\n\nTestCases\\test_demo.py:66: \n_ _ _ _ _ _ _ _ _ _ _ _ _ _ _ _ _ _ _ _ _ _ _ _ _ _ _ _ _ _ _ _ _ _ _ _ _ _ _ _\npageObject\\businesspage.py:29: in sfz_back_upload\n    self.upload_album_picture(locator,1,1,12)\npageObject\\basepage.py:212: in upload_album_picture\n    self.element_click(open_album_locator)\npageObject\\basepage.py:183: in element_click\n    self._get_element(locator, is_elements, element_index, poll_frequency).click()\npageObject\\basepage.py:170: in _get_element\n    element = self.find_element(locator, is_elements, poll_frequency)\npageObject\\basepage.py:156: in find_element\n    element_result = WebDriverWait(self.driver, timeout=self.timeout, poll_frequency=poll_frequency).until(\n_ _ _ _ _ _ _ _ _ _ _ _ _ _ _ _ _ _ _ _ _ _ _ _ _ _ _ _ _ _ _ _ _ _ _ _ _ _ _ _\n\nself = <selenium.webdriver.support.wait.WebDriverWait (session=\"2488d8d6-496e-4ff5-a909-63d51515f7fc\")>\nmethod = <function BasePage.find_element.<locals>.<lambda> at 0x0000024052015DC0>\nmessage = \"element:(xpath,//android.widget.TextView[@text='打开相册']) not found in 10 seconds\"\n\n    def until(self, method, message=''):\n        \"\"\"Calls the method provided with the driver as an argument until the \\\n        return value is not False.\"\"\"\n        screen = None\n        stacktrace = None\n    \n        end_time = time.time() + self._timeout\n        while True:\n            try:\n                value = method(self._driver)\n                if value:\n                    return value\n            except self._ignored_exceptions as exc:\n                screen = getattr(exc, 'screen', None)\n                stacktrace = getattr(exc, 'stacktrace', None)\n            time.sleep(self._poll)\n            if time.time() > end_time:\n                break\n>       raise TimeoutException(message, screen, stacktrace)\nE       selenium.common.exceptions.TimeoutException: Message: element:(xpath,//android.widget.TextView[@text='打开相册']) not found in 10 seconds\n\nC:\\Python38\\lib\\site-packages\\selenium\\webdriver\\support\\wait.py:80: TimeoutException",
  "flaky" : false,
  "newFailed" : false,
  "beforeStages" : [ {
    "name" : "start_appium_session",
    "time" : {
      "start" : 1635400961586,
      "stop" : 1635400978838,
      "duration" : 17252
    },
    "status" : "passed",
    "steps" : [ ],
    "attachments" : [ ],
    "parameters" : [ ],
    "hasContent" : false,
    "stepsCount" : 0,
    "shouldDisplayMessage" : false,
    "attachmentsCount" : 0
  }, {
    "name" : "cmdopt",
    "time" : {
      "start" : 1635400961580,
      "stop" : 1635400961586,
      "duration" : 6
    },
    "status" : "passed",
    "steps" : [ ],
    "attachments" : [ ],
    "parameters" : [ ],
    "hasContent" : false,
    "stepsCount" : 0,
    "shouldDisplayMessage" : false,
    "attachmentsCount" : 0
  }, {
    "name" : "__pytest_repeat_step_number",
    "time" : {
      "start" : 1635400978838,
      "stop" : 1635400978838,
      "duration" : 0
    },
    "status" : "passed",
    "steps" : [ ],
    "attachments" : [ ],
    "parameters" : [ ],
    "hasContent" : false,
    "stepsCount" : 0,
    "shouldDisplayMessage" : false,
    "attachmentsCount" : 0
  }, {
    "name" : "_verify_url",
    "time" : {
      "start" : 1635400961580,
      "stop" : 1635400961580,
      "duration" : 0
    },
    "status" : "passed",
    "steps" : [ ],
    "attachments" : [ ],
    "parameters" : [ ],
    "hasContent" : false,
    "stepsCount" : 0,
    "shouldDisplayMessage" : false,
    "attachmentsCount" : 0
  }, {
    "name" : "base_url",
    "time" : {
      "start" : 1635400961580,
      "stop" : 1635400961580,
      "duration" : 0
    },
    "status" : "passed",
    "steps" : [ ],
    "attachments" : [ ],
    "parameters" : [ ],
    "hasContent" : false,
    "stepsCount" : 0,
    "shouldDisplayMessage" : false,
    "attachmentsCount" : 0
  } ],
  "testStage" : {
    "status" : "broken",
    "statusMessage" : "selenium.common.exceptions.TimeoutException: Message: element:(xpath,//android.widget.TextView[@text='打开相册']) not found in 10 seconds",
    "statusTrace" : "def test_5():\n        w=WelcomePage()\n        w.click_skip_button()\n        m=MainPage()\n        m.click_bussiness()\n        b=BusinessPage()\n        b.click_first_order()\n        b.click_custom_info_tab()\n        b.click_custom_info()\n        b.sfz_front_upload()\n>       b.sfz_back_upload()\n\nTestCases\\test_demo.py:66: \n_ _ _ _ _ _ _ _ _ _ _ _ _ _ _ _ _ _ _ _ _ _ _ _ _ _ _ _ _ _ _ _ _ _ _ _ _ _ _ _\npageObject\\businesspage.py:29: in sfz_back_upload\n    self.upload_album_picture(locator,1,1,12)\npageObject\\basepage.py:212: in upload_album_picture\n    self.element_click(open_album_locator)\npageObject\\basepage.py:183: in element_click\n    self._get_element(locator, is_elements, element_index, poll_frequency).click()\npageObject\\basepage.py:170: in _get_element\n    element = self.find_element(locator, is_elements, poll_frequency)\npageObject\\basepage.py:156: in find_element\n    element_result = WebDriverWait(self.driver, timeout=self.timeout, poll_frequency=poll_frequency).until(\n_ _ _ _ _ _ _ _ _ _ _ _ _ _ _ _ _ _ _ _ _ _ _ _ _ _ _ _ _ _ _ _ _ _ _ _ _ _ _ _\n\nself = <selenium.webdriver.support.wait.WebDriverWait (session=\"2488d8d6-496e-4ff5-a909-63d51515f7fc\")>\nmethod = <function BasePage.find_element.<locals>.<lambda> at 0x0000024052015DC0>\nmessage = \"element:(xpath,//android.widget.TextView[@text='打开相册']) not found in 10 seconds\"\n\n    def until(self, method, message=''):\n        \"\"\"Calls the method provided with the driver as an argument until the \\\n        return value is not False.\"\"\"\n        screen = None\n        stacktrace = None\n    \n        end_time = time.time() + self._timeout\n        while True:\n            try:\n                value = method(self._driver)\n                if value:\n                    return value\n            except self._ignored_exceptions as exc:\n                screen = getattr(exc, 'screen', None)\n                stacktrace = getattr(exc, 'stacktrace', None)\n            time.sleep(self._poll)\n            if time.time() > end_time:\n                break\n>       raise TimeoutException(message, screen, stacktrace)\nE       selenium.common.exceptions.TimeoutException: Message: element:(xpath,//android.widget.TextView[@text='打开相册']) not found in 10 seconds\n\nC:\\Python38\\lib\\site-packages\\selenium\\webdriver\\support\\wait.py:80: TimeoutException",
    "steps" : [ {
      "name" : "点击跳过按钮",
      "time" : {
        "start" : 1635400978840,
        "stop" : 1635400979653,
        "duration" : 813
      },
      "status" : "passed",
      "steps" : [ ],
      "attachments" : [ ],
      "parameters" : [ ],
      "hasContent" : false,
      "stepsCount" : 0,
      "shouldDisplayMessage" : false,
      "attachmentsCount" : 0
    }, {
      "name" : "代办第一个",
      "time" : {
        "start" : 1635400979653,
        "stop" : 1635400982147,
        "duration" : 2494
      },
      "status" : "passed",
      "steps" : [ ],
      "attachments" : [ ],
      "parameters" : [ ],
      "hasContent" : false,
      "stepsCount" : 0,
      "shouldDisplayMessage" : false,
      "attachmentsCount" : 0
    } ],
    "attachments" : [ ],
    "parameters" : [ ],
    "hasContent" : true,
    "stepsCount" : 2,
    "shouldDisplayMessage" : true,
    "attachmentsCount" : 0
  },
  "afterStages" : [ {
    "name" : "start_appium_session::0",
    "time" : {
      "start" : 1635401006640,
      "stop" : 1635401006640,
      "duration" : 0
    },
    "status" : "passed",
    "steps" : [ ],
    "attachments" : [ ],
    "parameters" : [ ],
    "hasContent" : false,
    "stepsCount" : 0,
    "shouldDisplayMessage" : false,
    "attachmentsCount" : 0
  } ],
  "labels" : [ {
    "name" : "parentSuite",
    "value" : "TestCases"
  }, {
    "name" : "suite",
    "value" : "test_demo"
  }, {
    "name" : "host",
    "value" : "DESKTOP-SPR9NS1"
  }, {
    "name" : "thread",
    "value" : "15356-MainThread"
  }, {
    "name" : "framework",
    "value" : "pytest"
  }, {
    "name" : "language",
    "value" : "cpython3"
  }, {
    "name" : "package",
    "value" : "TestCases.test_demo"
  }, {
    "name" : "resultFormat",
    "value" : "allure2"
  } ],
  "parameters" : [ ],
  "links" : [ ],
  "hidden" : true,
  "retry" : true,
  "extra" : {
    "categories" : [ ],
    "tags" : [ ]
  },
  "source" : "fbb0c646113c3809.json",
  "parameterValues" : [ ]
}